<?xml version="1.0" encoding="UTF-8"?>
<testng-results skipped="0" failed="2" ignored="0" total="7" passed="5">
  <reporter-output>
  </reporter-output>
  <suite name="Service Now" duration-ms="149481" started-at="2022-03-25T22:49:50 IST" finished-at="2022-03-25T22:52:19 IST">
    <groups>
    </groups>
    <test name="Service Now Delete Incident" duration-ms="66317" started-at="2022-03-25T22:49:50 IST" finished-at="2022-03-25T22:50:56 IST">
      <class name="week5.ServiceNow_DeleteIncident">
        <test-method status="PASS" signature="getData()[pri:0, instance:week5.ServiceNow_DeleteIncident@130f889]" name="getData" is-config="true" duration-ms="29" started-at="2022-03-25T22:49:50 IST" finished-at="2022-03-25T22:49:50 IST">
          <reporter-output>
          </reporter-output>
        </test-method> <!-- getData -->
        <test-method status="PASS" signature="initalizeBrowser(java.lang.String,java.lang.String)[pri:0, instance:week5.ServiceNow_DeleteIncident@130f889]" name="initalizeBrowser" is-config="true" duration-ms="19074" started-at="2022-03-25T22:49:54 IST" finished-at="2022-03-25T22:50:13 IST">
          <params>
            <param index="0">
              <value>
                <![CDATA[https://dev58945.service-now.com/login.do?user_name=admin&sys_action=sysverb_login&user_password=QrYgEdTecW32]]>
              </value>
            </param>
            <param index="1">
              <value>
                <![CDATA[chrome]]>
              </value>
            </param>
          </params>
          <reporter-output>
          </reporter-output>
        </test-method> <!-- initalizeBrowser -->
        <test-method status="PASS" signature="deleteIncident(java.lang.String,java.lang.String)[pri:0, instance:week5.ServiceNow_DeleteIncident@130f889]" name="deleteIncident" duration-ms="42571" started-at="2022-03-25T22:50:13 IST" data-provider="getDataFromExcel" finished-at="2022-03-25T22:50:55 IST">
          <params>
            <param index="0">
              <value>
                <![CDATA[admin]]>
              </value>
            </param>
            <param index="1">
              <value>
                <![CDATA[Test@1234]]>
              </value>
            </param>
          </params>
          <reporter-output>
          </reporter-output>
        </test-method> <!-- deleteIncident -->
        <test-method status="PASS" signature="afterMethod()[pri:0, instance:week5.ServiceNow_DeleteIncident@130f889]" name="afterMethod" is-config="true" duration-ms="579" started-at="2022-03-25T22:50:55 IST" finished-at="2022-03-25T22:50:56 IST">
          <reporter-output>
          </reporter-output>
        </test-method> <!-- afterMethod -->
      </class> <!-- week5.ServiceNow_DeleteIncident -->
    </test> <!-- Service Now Delete Incident -->
    <test name="Service Now Update Incident" duration-ms="120575" started-at="2022-03-25T22:49:50 IST" finished-at="2022-03-25T22:51:50 IST">
      <class name="week5.ServiceNow_UpdateIncident">
        <test-method status="PASS" signature="setData()[pri:0, instance:week5.ServiceNow_UpdateIncident@de3a06f]" name="setData" is-config="true" duration-ms="31" started-at="2022-03-25T22:49:50 IST" finished-at="2022-03-25T22:49:50 IST">
          <reporter-output>
          </reporter-output>
        </test-method> <!-- setData -->
        <test-method status="PASS" signature="initalizeBrowser(java.lang.String,java.lang.String)[pri:0, instance:week5.ServiceNow_UpdateIncident@de3a06f]" name="initalizeBrowser" is-config="true" duration-ms="17302" started-at="2022-03-25T22:49:54 IST" finished-at="2022-03-25T22:50:11 IST">
          <params>
            <param index="0">
              <value>
                <![CDATA[https://dev58945.service-now.com/login.do?user_name=admin&sys_action=sysverb_login&user_password=QrYgEdTecW32]]>
              </value>
            </param>
            <param index="1">
              <value>
                <![CDATA[chrome]]>
              </value>
            </param>
          </params>
          <reporter-output>
          </reporter-output>
        </test-method> <!-- initalizeBrowser -->
        <test-method status="PASS" signature="updateIncident(java.lang.String,java.lang.String,java.lang.String,java.lang.String)[pri:0, instance:week5.ServiceNow_UpdateIncident@de3a06f]" name="updateIncident" duration-ms="48644" started-at="2022-03-25T22:50:11 IST" data-provider="getDataFromExcel" finished-at="2022-03-25T22:51:00 IST">
          <params>
            <param index="0">
              <value>
                <![CDATA[admin]]>
              </value>
            </param>
            <param index="1">
              <value>
                <![CDATA[Test@1234]]>
              </value>
            </param>
            <param index="2">
              <value>
                <![CDATA[Test1]]>
              </value>
            </param>
            <param index="3">
              <value>
                <![CDATA[Updated Notes1]]>
              </value>
            </param>
          </params>
          <reporter-output>
          </reporter-output>
        </test-method> <!-- updateIncident -->
        <test-method status="PASS" signature="afterMethod()[pri:0, instance:week5.ServiceNow_UpdateIncident@de3a06f]" name="afterMethod" is-config="true" duration-ms="2301" started-at="2022-03-25T22:51:00 IST" finished-at="2022-03-25T22:51:02 IST">
          <reporter-output>
          </reporter-output>
        </test-method> <!-- afterMethod -->
        <test-method status="PASS" signature="initalizeBrowser(java.lang.String,java.lang.String)[pri:0, instance:week5.ServiceNow_UpdateIncident@de3a06f]" name="initalizeBrowser" is-config="true" duration-ms="9206" started-at="2022-03-25T22:51:02 IST" finished-at="2022-03-25T22:51:11 IST">
          <params>
            <param index="0">
              <value>
                <![CDATA[https://dev58945.service-now.com/login.do?user_name=admin&sys_action=sysverb_login&user_password=QrYgEdTecW32]]>
              </value>
            </param>
            <param index="1">
              <value>
                <![CDATA[chrome]]>
              </value>
            </param>
          </params>
          <reporter-output>
          </reporter-output>
        </test-method> <!-- initalizeBrowser -->
        <test-method status="PASS" signature="updateIncident(java.lang.String,java.lang.String,java.lang.String,java.lang.String)[pri:0, instance:week5.ServiceNow_UpdateIncident@de3a06f]" name="updateIncident" duration-ms="38403" started-at="2022-03-25T22:51:11 IST" data-provider="getDataFromExcel" finished-at="2022-03-25T22:51:49 IST">
          <params>
            <param index="0">
              <value>
                <![CDATA[admin]]>
              </value>
            </param>
            <param index="1">
              <value>
                <![CDATA[Test@1234]]>
              </value>
            </param>
            <param index="2">
              <value>
                <![CDATA[Test2]]>
              </value>
            </param>
            <param index="3">
              <value>
                <![CDATA[Updated Notes2]]>
              </value>
            </param>
          </params>
          <reporter-output>
          </reporter-output>
        </test-method> <!-- updateIncident -->
        <test-method status="PASS" signature="afterMethod()[pri:0, instance:week5.ServiceNow_UpdateIncident@de3a06f]" name="afterMethod" is-config="true" duration-ms="631" started-at="2022-03-25T22:51:49 IST" finished-at="2022-03-25T22:51:50 IST">
          <reporter-output>
          </reporter-output>
        </test-method> <!-- afterMethod -->
      </class> <!-- week5.ServiceNow_UpdateIncident -->
    </test> <!-- Service Now Update Incident -->
    <test name="Service Now Assign Incident" duration-ms="127710" started-at="2022-03-25T22:49:50 IST" finished-at="2022-03-25T22:51:57 IST">
      <class name="week5.ServiceNow_AssignIncident">
        <test-method status="PASS" signature="setData()[pri:0, instance:week5.ServiceNow_AssignIncident@2a40cd94]" name="setData" is-config="true" duration-ms="29" started-at="2022-03-25T22:49:50 IST" finished-at="2022-03-25T22:49:50 IST">
          <reporter-output>
          </reporter-output>
        </test-method> <!-- setData -->
        <test-method status="PASS" signature="initalizeBrowser(java.lang.String,java.lang.String)[pri:0, instance:week5.ServiceNow_AssignIncident@2a40cd94]" name="initalizeBrowser" is-config="true" duration-ms="18370" started-at="2022-03-25T22:49:54 IST" finished-at="2022-03-25T22:50:12 IST">
          <params>
            <param index="0">
              <value>
                <![CDATA[https://dev58945.service-now.com/login.do?user_name=admin&sys_action=sysverb_login&user_password=QrYgEdTecW32]]>
              </value>
            </param>
            <param index="1">
              <value>
                <![CDATA[chrome]]>
              </value>
            </param>
          </params>
          <reporter-output>
          </reporter-output>
        </test-method> <!-- initalizeBrowser -->
        <test-method status="PASS" signature="assignIncident(java.lang.String,java.lang.String,java.lang.String,java.lang.String)[pri:0, instance:week5.ServiceNow_AssignIncident@2a40cd94]" name="assignIncident" duration-ms="52861" started-at="2022-03-25T22:50:12 IST" data-provider="getDataFromExcel" finished-at="2022-03-25T22:51:05 IST">
          <params>
            <param index="0">
              <value>
                <![CDATA[admin]]>
              </value>
            </param>
            <param index="1">
              <value>
                <![CDATA[Test@1234]]>
              </value>
            </param>
            <param index="2">
              <value>
                <![CDATA[Updated Notes1]]>
              </value>
            </param>
            <param index="3">
              <value>
                <![CDATA[Software]]>
              </value>
            </param>
          </params>
          <reporter-output>
          </reporter-output>
        </test-method> <!-- assignIncident -->
        <test-method status="PASS" signature="afterMethod()[pri:0, instance:week5.ServiceNow_AssignIncident@2a40cd94]" name="afterMethod" is-config="true" duration-ms="296" started-at="2022-03-25T22:51:05 IST" finished-at="2022-03-25T22:51:05 IST">
          <reporter-output>
          </reporter-output>
        </test-method> <!-- afterMethod -->
        <test-method status="PASS" signature="initalizeBrowser(java.lang.String,java.lang.String)[pri:0, instance:week5.ServiceNow_AssignIncident@2a40cd94]" name="initalizeBrowser" is-config="true" duration-ms="8840" started-at="2022-03-25T22:51:05 IST" finished-at="2022-03-25T22:51:14 IST">
          <params>
            <param index="0">
              <value>
                <![CDATA[https://dev58945.service-now.com/login.do?user_name=admin&sys_action=sysverb_login&user_password=QrYgEdTecW32]]>
              </value>
            </param>
            <param index="1">
              <value>
                <![CDATA[chrome]]>
              </value>
            </param>
          </params>
          <reporter-output>
          </reporter-output>
        </test-method> <!-- initalizeBrowser -->
        <test-method status="PASS" signature="assignIncident(java.lang.String,java.lang.String,java.lang.String,java.lang.String)[pri:0, instance:week5.ServiceNow_AssignIncident@2a40cd94]" name="assignIncident" duration-ms="43064" started-at="2022-03-25T22:51:14 IST" data-provider="getDataFromExcel" finished-at="2022-03-25T22:51:57 IST">
          <params>
            <param index="0">
              <value>
                <![CDATA[admin]]>
              </value>
            </param>
            <param index="1">
              <value>
                <![CDATA[Test@1234]]>
              </value>
            </param>
            <param index="2">
              <value>
                <![CDATA[Updated Notes2]]>
              </value>
            </param>
            <param index="3">
              <value>
                <![CDATA[Software]]>
              </value>
            </param>
          </params>
          <reporter-output>
          </reporter-output>
        </test-method> <!-- assignIncident -->
        <test-method status="PASS" signature="afterMethod()[pri:0, instance:week5.ServiceNow_AssignIncident@2a40cd94]" name="afterMethod" is-config="true" duration-ms="181" started-at="2022-03-25T22:51:57 IST" finished-at="2022-03-25T22:51:57 IST">
          <reporter-output>
          </reporter-output>
        </test-method> <!-- afterMethod -->
      </class> <!-- week5.ServiceNow_AssignIncident -->
    </test> <!-- Service Now Assign Incident -->
    <test name="Service Now Create Incident" duration-ms="149480" started-at="2022-03-25T22:49:50 IST" finished-at="2022-03-25T22:52:19 IST">
      <class name="week5.ServiceNow_CreateIncident">
        <test-method status="PASS" signature="setData()[pri:0, instance:week5.ServiceNow_CreateIncident@1f021e6c]" name="setData" is-config="true" duration-ms="29" started-at="2022-03-25T22:49:50 IST" finished-at="2022-03-25T22:49:50 IST">
          <reporter-output>
          </reporter-output>
        </test-method> <!-- setData -->
        <test-method status="PASS" signature="initalizeBrowser(java.lang.String,java.lang.String)[pri:0, instance:week5.ServiceNow_CreateIncident@1f021e6c]" name="initalizeBrowser" is-config="true" duration-ms="16943" started-at="2022-03-25T22:49:54 IST" finished-at="2022-03-25T22:50:11 IST">
          <params>
            <param index="0">
              <value>
                <![CDATA[https://dev58945.service-now.com/login.do?user_name=admin&sys_action=sysverb_login&user_password=QrYgEdTecW32]]>
              </value>
            </param>
            <param index="1">
              <value>
                <![CDATA[chrome]]>
              </value>
            </param>
          </params>
          <reporter-output>
          </reporter-output>
        </test-method> <!-- initalizeBrowser -->
        <test-method status="FAIL" signature="createIncident(java.lang.String,java.lang.String,java.lang.String)[pri:0, instance:week5.ServiceNow_CreateIncident@1f021e6c]" name="createIncident" duration-ms="63431" started-at="2022-03-25T22:50:11 IST" data-provider="getDataFromExcel" finished-at="2022-03-25T22:51:14 IST">
          <params>
            <param index="0">
              <value>
                <![CDATA[admin]]>
              </value>
            </param>
            <param index="1">
              <value>
                <![CDATA[Test@1234]]>
              </value>
            </param>
            <param index="2">
              <value>
                <![CDATA[Test1]]>
              </value>
            </param>
          </params>
          <exception class="org.openqa.selenium.NoSuchElementException">
            <message>
              <![CDATA[no such element: Unable to locate element: {"method":"xpath","selector":"//a[text()='INC0010054']"}
  (Session info: chrome=99.0.4844.82)
For documentation on this error, please visit: https://selenium.dev/exceptions/#no_such_element
Build info: version: '4.1.1', revision: 'e8fcc2cecf'
System info: host: 'USER', ip: '192.168.29.196', os.name: 'Windows 8.1', os.arch: 'amd64', os.version: '6.3', java.version: '1.8.0_202'
Driver info: org.openqa.selenium.chrome.ChromeDriver
Command: [319907d2e3d31038ab25d6067e9f15ec, findElement {using=xpath, value=//a[text()='INC0010054']}]
Capabilities {acceptInsecureCerts: false, browserName: chrome, browserVersion: 99.0.4844.82, chrome: {chromedriverVersion: 99.0.4844.51 (d537ec02474b5..., userDataDir: C:\Users\Admin\AppData\Loca...}, goog:chromeOptions: {debuggerAddress: localhost:62640}, javascriptEnabled: true, networkConnectionEnabled: false, pageLoadStrategy: normal, platform: WINDOWS, platformName: WINDOWS, proxy: Proxy(), se:cdp: ws://localhost:62640/devtoo..., se:cdpVersion: 99.0.4844.82, setWindowRect: true, strictFileInteractability: false, timeouts: {implicit: 0, pageLoad: 300000, script: 30000}, unhandledPromptBehavior: dismiss and notify, webauthn:extension:credBlob: true, webauthn:extension:largeBlob: true, webauthn:virtualAuthenticators: true}
Session ID: 319907d2e3d31038ab25d6067e9f15ec]]>
            </message>
            <full-stacktrace>
              <![CDATA[org.openqa.selenium.NoSuchElementException: no such element: Unable to locate element: {"method":"xpath","selector":"//a[text()='INC0010054']"}
  (Session info: chrome=99.0.4844.82)
For documentation on this error, please visit: https://selenium.dev/exceptions/#no_such_element
Build info: version: '4.1.1', revision: 'e8fcc2cecf'
System info: host: 'USER', ip: '192.168.29.196', os.name: 'Windows 8.1', os.arch: 'amd64', os.version: '6.3', java.version: '1.8.0_202'
Driver info: org.openqa.selenium.chrome.ChromeDriver
Command: [319907d2e3d31038ab25d6067e9f15ec, findElement {using=xpath, value=//a[text()='INC0010054']}]
Capabilities {acceptInsecureCerts: false, browserName: chrome, browserVersion: 99.0.4844.82, chrome: {chromedriverVersion: 99.0.4844.51 (d537ec02474b5..., userDataDir: C:\Users\Admin\AppData\Loca...}, goog:chromeOptions: {debuggerAddress: localhost:62640}, javascriptEnabled: true, networkConnectionEnabled: false, pageLoadStrategy: normal, platform: WINDOWS, platformName: WINDOWS, proxy: Proxy(), se:cdp: ws://localhost:62640/devtoo..., se:cdpVersion: 99.0.4844.82, setWindowRect: true, strictFileInteractability: false, timeouts: {implicit: 0, pageLoad: 300000, script: 30000}, unhandledPromptBehavior: dismiss and notify, webauthn:extension:credBlob: true, webauthn:extension:largeBlob: true, webauthn:virtualAuthenticators: true}
Session ID: 319907d2e3d31038ab25d6067e9f15ec
at sun.reflect.NativeConstructorAccessorImpl.newInstance0(Native Method)
at sun.reflect.NativeConstructorAccessorImpl.newInstance(NativeConstructorAccessorImpl.java:62)
at sun.reflect.DelegatingConstructorAccessorImpl.newInstance(DelegatingConstructorAccessorImpl.java:45)
at java.lang.reflect.Constructor.newInstance(Constructor.java:423)
at org.openqa.selenium.remote.codec.w3c.W3CHttpResponseCodec.createException(W3CHttpResponseCodec.java:200)
at org.openqa.selenium.remote.codec.w3c.W3CHttpResponseCodec.decode(W3CHttpResponseCodec.java:133)
at org.openqa.selenium.remote.codec.w3c.W3CHttpResponseCodec.decode(W3CHttpResponseCodec.java:53)
at org.openqa.selenium.remote.HttpCommandExecutor.execute(HttpCommandExecutor.java:184)
at org.openqa.selenium.remote.service.DriverCommandExecutor.invokeExecute(DriverCommandExecutor.java:167)
at org.openqa.selenium.remote.service.DriverCommandExecutor.execute(DriverCommandExecutor.java:142)
at org.openqa.selenium.remote.RemoteWebDriver.execute(RemoteWebDriver.java:543)
at org.openqa.selenium.remote.ElementLocation$ElementFinder$2.findElement(ElementLocation.java:162)
at org.openqa.selenium.remote.ElementLocation.findElement(ElementLocation.java:60)
at org.openqa.selenium.remote.RemoteWebDriver.findElement(RemoteWebDriver.java:367)
at org.openqa.selenium.remote.RemoteWebDriver.findElement(RemoteWebDriver.java:359)
at week5.ServiceNow_CreateIncident.createIncident(ServiceNow_CreateIncident.java:64)
at sun.reflect.NativeMethodAccessorImpl.invoke0(Native Method)
at sun.reflect.NativeMethodAccessorImpl.invoke(NativeMethodAccessorImpl.java:62)
at sun.reflect.DelegatingMethodAccessorImpl.invoke(DelegatingMethodAccessorImpl.java:43)
at java.lang.reflect.Method.invoke(Method.java:498)
at org.testng.internal.MethodInvocationHelper.invokeMethod(MethodInvocationHelper.java:133)
at org.testng.internal.TestInvoker.invokeMethod(TestInvoker.java:598)
at org.testng.internal.TestInvoker.invokeTestMethod(TestInvoker.java:173)
at org.testng.internal.MethodRunner.runInSequence(MethodRunner.java:46)
at org.testng.internal.TestInvoker$MethodInvocationAgent.invoke(TestInvoker.java:824)
at org.testng.internal.TestInvoker.invokeTestMethods(TestInvoker.java:146)
at org.testng.internal.TestMethodWorker.invokeTestMethods(TestMethodWorker.java:146)
at org.testng.internal.TestMethodWorker.run(TestMethodWorker.java:128)
at java.util.ArrayList.forEach(ArrayList.java:1257)
at org.testng.TestRunner.privateRun(TestRunner.java:794)
at org.testng.TestRunner.run(TestRunner.java:596)
at org.testng.SuiteRunner.runTest(SuiteRunner.java:377)
at org.testng.SuiteRunner.access$000(SuiteRunner.java:28)
at org.testng.SuiteRunner$SuiteWorker.run(SuiteRunner.java:418)
at org.testng.internal.thread.ThreadUtil.lambda$execute$0(ThreadUtil.java:64)
at java.util.concurrent.FutureTask.run(FutureTask.java:266)
at java.util.concurrent.ThreadPoolExecutor.runWorker(ThreadPoolExecutor.java:1149)
at java.util.concurrent.ThreadPoolExecutor$Worker.run(ThreadPoolExecutor.java:624)
at java.lang.Thread.run(Thread.java:748)
]]>
            </full-stacktrace>
          </exception> <!-- org.openqa.selenium.NoSuchElementException -->
          <reporter-output>
          </reporter-output>
        </test-method> <!-- createIncident -->
        <test-method status="PASS" signature="afterMethod()[pri:0, instance:week5.ServiceNow_CreateIncident@1f021e6c]" name="afterMethod" is-config="true" duration-ms="327" started-at="2022-03-25T22:51:14 IST" finished-at="2022-03-25T22:51:14 IST">
          <reporter-output>
          </reporter-output>
        </test-method> <!-- afterMethod -->
        <test-method status="PASS" signature="initalizeBrowser(java.lang.String,java.lang.String)[pri:0, instance:week5.ServiceNow_CreateIncident@1f021e6c]" name="initalizeBrowser" is-config="true" duration-ms="8909" started-at="2022-03-25T22:51:14 IST" finished-at="2022-03-25T22:51:23 IST">
          <params>
            <param index="0">
              <value>
                <![CDATA[https://dev58945.service-now.com/login.do?user_name=admin&sys_action=sysverb_login&user_password=QrYgEdTecW32]]>
              </value>
            </param>
            <param index="1">
              <value>
                <![CDATA[chrome]]>
              </value>
            </param>
          </params>
          <reporter-output>
          </reporter-output>
        </test-method> <!-- initalizeBrowser -->
        <test-method status="FAIL" signature="createIncident(java.lang.String,java.lang.String,java.lang.String)[pri:0, instance:week5.ServiceNow_CreateIncident@1f021e6c]" name="createIncident" duration-ms="55540" started-at="2022-03-25T22:51:23 IST" data-provider="getDataFromExcel" finished-at="2022-03-25T22:52:19 IST">
          <params>
            <param index="0">
              <value>
                <![CDATA[admin]]>
              </value>
            </param>
            <param index="1">
              <value>
                <![CDATA[Test@1234]]>
              </value>
            </param>
            <param index="2">
              <value>
                <![CDATA[Test2]]>
              </value>
            </param>
          </params>
          <exception class="org.openqa.selenium.NoSuchElementException">
            <message>
              <![CDATA[no such element: Unable to locate element: {"method":"xpath","selector":"//a[text()='INC0010059']"}
  (Session info: chrome=99.0.4844.82)
For documentation on this error, please visit: https://selenium.dev/exceptions/#no_such_element
Build info: version: '4.1.1', revision: 'e8fcc2cecf'
System info: host: 'USER', ip: '192.168.29.196', os.name: 'Windows 8.1', os.arch: 'amd64', os.version: '6.3', java.version: '1.8.0_202'
Driver info: org.openqa.selenium.chrome.ChromeDriver
Command: [103c4d69f8085196679f9932b4da2cb0, findElement {using=xpath, value=//a[text()='INC0010059']}]
Capabilities {acceptInsecureCerts: false, browserName: chrome, browserVersion: 99.0.4844.82, chrome: {chromedriverVersion: 99.0.4844.51 (d537ec02474b5..., userDataDir: C:\Users\Admin\AppData\Loca...}, goog:chromeOptions: {debuggerAddress: localhost:62963}, javascriptEnabled: true, networkConnectionEnabled: false, pageLoadStrategy: normal, platform: WINDOWS, platformName: WINDOWS, proxy: Proxy(), se:cdp: ws://localhost:62963/devtoo..., se:cdpVersion: 99.0.4844.82, setWindowRect: true, strictFileInteractability: false, timeouts: {implicit: 0, pageLoad: 300000, script: 30000}, unhandledPromptBehavior: dismiss and notify, webauthn:extension:credBlob: true, webauthn:extension:largeBlob: true, webauthn:virtualAuthenticators: true}
Session ID: 103c4d69f8085196679f9932b4da2cb0]]>
            </message>
            <full-stacktrace>
              <![CDATA[org.openqa.selenium.NoSuchElementException: no such element: Unable to locate element: {"method":"xpath","selector":"//a[text()='INC0010059']"}
  (Session info: chrome=99.0.4844.82)
For documentation on this error, please visit: https://selenium.dev/exceptions/#no_such_element
Build info: version: '4.1.1', revision: 'e8fcc2cecf'
System info: host: 'USER', ip: '192.168.29.196', os.name: 'Windows 8.1', os.arch: 'amd64', os.version: '6.3', java.version: '1.8.0_202'
Driver info: org.openqa.selenium.chrome.ChromeDriver
Command: [103c4d69f8085196679f9932b4da2cb0, findElement {using=xpath, value=//a[text()='INC0010059']}]
Capabilities {acceptInsecureCerts: false, browserName: chrome, browserVersion: 99.0.4844.82, chrome: {chromedriverVersion: 99.0.4844.51 (d537ec02474b5..., userDataDir: C:\Users\Admin\AppData\Loca...}, goog:chromeOptions: {debuggerAddress: localhost:62963}, javascriptEnabled: true, networkConnectionEnabled: false, pageLoadStrategy: normal, platform: WINDOWS, platformName: WINDOWS, proxy: Proxy(), se:cdp: ws://localhost:62963/devtoo..., se:cdpVersion: 99.0.4844.82, setWindowRect: true, strictFileInteractability: false, timeouts: {implicit: 0, pageLoad: 300000, script: 30000}, unhandledPromptBehavior: dismiss and notify, webauthn:extension:credBlob: true, webauthn:extension:largeBlob: true, webauthn:virtualAuthenticators: true}
Session ID: 103c4d69f8085196679f9932b4da2cb0
at sun.reflect.NativeConstructorAccessorImpl.newInstance0(Native Method)
at sun.reflect.NativeConstructorAccessorImpl.newInstance(NativeConstructorAccessorImpl.java:62)
at sun.reflect.DelegatingConstructorAccessorImpl.newInstance(DelegatingConstructorAccessorImpl.java:45)
at java.lang.reflect.Constructor.newInstance(Constructor.java:423)
at org.openqa.selenium.remote.codec.w3c.W3CHttpResponseCodec.createException(W3CHttpResponseCodec.java:200)
at org.openqa.selenium.remote.codec.w3c.W3CHttpResponseCodec.decode(W3CHttpResponseCodec.java:133)
at org.openqa.selenium.remote.codec.w3c.W3CHttpResponseCodec.decode(W3CHttpResponseCodec.java:53)
at org.openqa.selenium.remote.HttpCommandExecutor.execute(HttpCommandExecutor.java:184)
at org.openqa.selenium.remote.service.DriverCommandExecutor.invokeExecute(DriverCommandExecutor.java:167)
at org.openqa.selenium.remote.service.DriverCommandExecutor.execute(DriverCommandExecutor.java:142)
at org.openqa.selenium.remote.RemoteWebDriver.execute(RemoteWebDriver.java:543)
at org.openqa.selenium.remote.ElementLocation$ElementFinder$2.findElement(ElementLocation.java:162)
at org.openqa.selenium.remote.ElementLocation.findElement(ElementLocation.java:60)
at org.openqa.selenium.remote.RemoteWebDriver.findElement(RemoteWebDriver.java:367)
at org.openqa.selenium.remote.RemoteWebDriver.findElement(RemoteWebDriver.java:359)
at week5.ServiceNow_CreateIncident.createIncident(ServiceNow_CreateIncident.java:64)
at sun.reflect.NativeMethodAccessorImpl.invoke0(Native Method)
at sun.reflect.NativeMethodAccessorImpl.invoke(NativeMethodAccessorImpl.java:62)
at sun.reflect.DelegatingMethodAccessorImpl.invoke(DelegatingMethodAccessorImpl.java:43)
at java.lang.reflect.Method.invoke(Method.java:498)
at org.testng.internal.MethodInvocationHelper.invokeMethod(MethodInvocationHelper.java:133)
at org.testng.internal.TestInvoker.invokeMethod(TestInvoker.java:598)
at org.testng.internal.TestInvoker.invokeTestMethod(TestInvoker.java:173)
at org.testng.internal.MethodRunner.runInSequence(MethodRunner.java:46)
at org.testng.internal.TestInvoker$MethodInvocationAgent.invoke(TestInvoker.java:824)
at org.testng.internal.TestInvoker.invokeTestMethods(TestInvoker.java:146)
at org.testng.internal.TestMethodWorker.invokeTestMethods(TestMethodWorker.java:146)
at org.testng.internal.TestMethodWorker.run(TestMethodWorker.java:128)
at java.util.ArrayList.forEach(ArrayList.java:1257)
at org.testng.TestRunner.privateRun(TestRunner.java:794)
at org.testng.TestRunner.run(TestRunner.java:596)
at org.testng.SuiteRunner.runTest(SuiteRunner.java:377)
at org.testng.SuiteRunner.access$000(SuiteRunner.java:28)
at org.testng.SuiteRunner$SuiteWorker.run(SuiteRunner.java:418)
at org.testng.internal.thread.ThreadUtil.lambda$execute$0(ThreadUtil.java:64)
at java.util.concurrent.FutureTask.run(FutureTask.java:266)
at java.util.concurrent.ThreadPoolExecutor.runWorker(ThreadPoolExecutor.java:1149)
at java.util.concurrent.ThreadPoolExecutor$Worker.run(ThreadPoolExecutor.java:624)
at java.lang.Thread.run(Thread.java:748)
]]>
            </full-stacktrace>
          </exception> <!-- org.openqa.selenium.NoSuchElementException -->
          <reporter-output>
          </reporter-output>
        </test-method> <!-- createIncident -->
        <test-method status="PASS" signature="afterMethod()[pri:0, instance:week5.ServiceNow_CreateIncident@1f021e6c]" name="afterMethod" is-config="true" duration-ms="223" started-at="2022-03-25T22:52:19 IST" finished-at="2022-03-25T22:52:19 IST">
          <reporter-output>
          </reporter-output>
        </test-method> <!-- afterMethod -->
      </class> <!-- week5.ServiceNow_CreateIncident -->
    </test> <!-- Service Now Create Incident -->
  </suite> <!-- Service Now -->
</testng-results>
